app/build/intermediates/manifest_merge_blame_file/release/manifest-merger-blame-release-report.txt
1<?xml version="1.0" encoding="utf-8"?>
2<manifest xmlns:android="http://schemas.android.com/apk/res/android"
3    package="boogiepop.memo"
4    android:versionCode="10000300"
5    android:versionName="1.0.0.300" >
6
7    <uses-sdk
8        android:minSdkVersion="29"
8-->src/main/AndroidManifest.xml
9        android:targetSdkVersion="31" />
9-->src/main/AndroidManifest.xml
10
11    <uses-permission android:name="android.permission.INTERNET" />
11-->src/main/AndroidManifest.xml:5:5-67
11-->src/main/AndroidManifest.xml:5:22-64
12    <uses-permission android:name="android.permission.WRITE_EXTERNAL_STORAGE" />
12-->src/main/AndroidManifest.xml:6:5-81
12-->src/main/AndroidManifest.xml:6:22-78
13    <uses-permission android:name="android.permission.READ_EXTERNAL_STORAGE" />
13-->src/main/AndroidManifest.xml:7:5-80
13-->src/main/AndroidManifest.xml:7:22-77
14    <uses-permission android:name="android.permission.WRITE_MEDIA_STORAGE" />
14-->src/main/AndroidManifest.xml:8:5-10:47
14-->src/main/AndroidManifest.xml:9:9-62
15    <uses-permission android:name="android.permission.ACCESS_NETWORK_STATE" />
15-->src/main/AndroidManifest.xml:12:5-79
15-->src/main/AndroidManifest.xml:12:22-76
16
17    <!-- for HMS SDK upgrade -->
18    <uses-permission android:name="android.permission.REQUEST_INSTALL_PACKAGES" />
18-->src/main/AndroidManifest.xml:15:5-83
18-->src/main/AndroidManifest.xml:15:22-80
19    <!-- 注意这里.permission.PASSBY_MSG是自身app的包名 + .permission.PROCESS_PUSH_MSG -->
20    <permission
20-->[com.huawei.hms:push:4.0.3.300] AndroidManifest.xml:10:5-12:55
21        android:name="boogiepop.memo.permission.PROCESS_PUSH_MSG"
21-->[com.huawei.hms:push:4.0.3.300] AndroidManifest.xml:11:9-68
22        android:protectionLevel="signatureOrSystem" />
22-->[com.huawei.hms:push:4.0.3.300] AndroidManifest.xml:12:9-52
23    <permission
23-->[com.huawei.hms:push:4.0.3.300] AndroidManifest.xml:13:5-15:55
24        android:name="boogiepop.memo.permission.PUSH_PROVIDER"
24-->[com.huawei.hms:push:4.0.3.300] AndroidManifest.xml:14:9-65
25        android:protectionLevel="signatureOrSystem" />
25-->[com.huawei.hms:push:4.0.3.300] AndroidManifest.xml:15:9-52
26    <permission
26-->[com.huawei.hms:push:4.0.3.300] AndroidManifest.xml:16:5-18:55
27        android:name="boogiepop.memo.permission.PUSH_WRITE_PROVIDER"
27-->[com.huawei.hms:push:4.0.3.300] AndroidManifest.xml:17:9-71
28        android:protectionLevel="signatureOrSystem" /> <!-- 注意这里.permission.PASSBY_MSG是自身app的包名 + .permission.PROCESS_PUSH_MSG -->
28-->[com.huawei.hms:push:4.0.3.300] AndroidManifest.xml:18:9-52
29    <uses-permission android:name="boogiepop.memo.permission.PROCESS_PUSH_MSG" />
29-->[com.huawei.hms:push:4.0.3.300] AndroidManifest.xml:20:5-84
29-->[com.huawei.hms:push:4.0.3.300] AndroidManifest.xml:20:22-81
30    <uses-permission android:name="boogiepop.memo.permission.PUSH_PROVIDER" /> <!-- 应用市场9.0版本必须使用该权限获取用户的服务地 -->
30-->[com.huawei.hms:push:4.0.3.300] AndroidManifest.xml:21:5-81
30-->[com.huawei.hms:push:4.0.3.300] AndroidManifest.xml:21:22-78
31    <uses-permission android:name="com.huawei.appmarket.service.commondata.permission.GET_COMMON_DATA" />
31-->[com.huawei.hms:base:4.0.2.300] AndroidManifest.xml:18:5-106
31-->[com.huawei.hms:base:4.0.2.300] AndroidManifest.xml:18:22-103
32
33    <queries>
33-->[com.huawei.hms:dynamic-api:1.0.17.300] AndroidManifest.xml:11:5-14:15
34        <package android:name="com.huawei.hms" />
34-->[com.huawei.hms:dynamic-api:1.0.17.300] AndroidManifest.xml:12:9-50
34-->[com.huawei.hms:dynamic-api:1.0.17.300] AndroidManifest.xml:12:18-47
35        <package android:name="com.huawei.hwid" />
35-->[com.huawei.hms:dynamic-api:1.0.17.300] AndroidManifest.xml:13:9-51
35-->[com.huawei.hms:dynamic-api:1.0.17.300] AndroidManifest.xml:13:18-48
36    </queries>
37
38    <application
38-->src/main/AndroidManifest.xml:18:5-68:19
39        android:name="com.huawei.cloud.drive.MainApplication"
39-->src/main/AndroidManifest.xml:19:9-62
40        android:allowBackup="true"
40-->src/main/AndroidManifest.xml:20:9-35
41        android:appComponentFactory="androidx.core.app.CoreComponentFactory"
41-->[androidx.core:core:1.5.0] AndroidManifest.xml:24:18-86
42        android:extractNativeLibs="false"
43        android:icon="@mipmap/ic_launcher"
43-->src/main/AndroidManifest.xml:21:9-43
44        android:label="@string/app_name"
44-->src/main/AndroidManifest.xml:22:9-41
45        android:requestLegacyExternalStorage="true"
45-->src/main/AndroidManifest.xml:26:9-52
46        android:supportsRtl="true"
46-->src/main/AndroidManifest.xml:23:9-35
47        android:uiOptions="splitActionBarWhenNarrow" >
47-->src/main/AndroidManifest.xml:25:9-53
48        <meta-data
48-->src/main/AndroidManifest.xml:28:9-30:73
49            android:name="hwc-theme"
49-->src/main/AndroidManifest.xml:29:13-37
50            android:value="androidhwext:style/Theme.Emui.NoActionBar" />
50-->src/main/AndroidManifest.xml:30:13-70
51
52        <activity
52-->src/main/AndroidManifest.xml:32:9-33:20
53            android:name="com.huawei.cloud.drive.MainActivity"
53-->src/main/AndroidManifest.xml:32:19-69
54            android:screenOrientation="portrait" >
54-->src/main/AndroidManifest.xml:32:71-107
55        </activity>
56        <activity
56-->src/main/AndroidManifest.xml:34:9-46:20
57            android:name="com.huawei.cloud.drive.SplashActivity"
57-->src/main/AndroidManifest.xml:35:13-65
58            android:exported="true"
58-->src/main/AndroidManifest.xml:36:13-36
59            android:screenOrientation="portrait" >
59-->src/main/AndroidManifest.xml:37:13-49
60            <meta-data
60-->src/main/AndroidManifest.xml:28:9-30:73
61                android:name="hwc-theme"
61-->src/main/AndroidManifest.xml:29:13-37
62                android:value="androidhwext:style/Theme.Emui.NoActionBar" />
62-->src/main/AndroidManifest.xml:30:13-70
63
64            <intent-filter>
64-->src/main/AndroidManifest.xml:42:13-45:29
65                <category android:name="android.intent.category.LAUNCHER" />
65-->src/main/AndroidManifest.xml:43:17-77
65-->src/main/AndroidManifest.xml:43:27-74
66
67                <action android:name="android.intent.action.MAIN" />
67-->src/main/AndroidManifest.xml:44:17-69
67-->src/main/AndroidManifest.xml:44:25-66
68            </intent-filter>
69        </activity>
70
71        <receiver
71-->src/main/AndroidManifest.xml:47:9-51:20
72            android:name="com.huawei.hms.support.api.push.PushMsgReceiver"
72-->src/main/AndroidManifest.xml:48:13-75
73            android:directBootAware="true"
73-->[com.huawei.hms:push:4.0.3.300] AndroidManifest.xml:26:13-43
74            android:exported="true"
74-->src/main/AndroidManifest.xml:49:13-36
75            android:permission="boogiepop.memo.permission.PROCESS_PUSH_MSG" >
75-->[com.huawei.hms:push:4.0.3.300] AndroidManifest.xml:27:13-78
76
77            <!-- 其他属性 -->
78            <intent-filter>
78-->[com.huawei.hms:push:4.0.3.300] AndroidManifest.xml:28:13-34:29
79
80                <!-- 必须, 用于接收通知栏消息点击事件 -->
81                <action android:name="com.huawei.intent.action.PUSH_DELAY_NOTIFY" />
81-->[com.huawei.hms:push:4.0.3.300] AndroidManifest.xml:31:17-85
81-->[com.huawei.hms:push:4.0.3.300] AndroidManifest.xml:31:25-82
82                <!-- 可选，兼容老的华为手机 -->
83                <action android:name="com.huawei.intent.action.PUSH" />
83-->[com.huawei.hms:push:4.0.3.300] AndroidManifest.xml:33:17-72
83-->[com.huawei.hms:push:4.0.3.300] AndroidManifest.xml:33:25-69
84            </intent-filter>
85        </receiver>
86        <receiver
86-->src/main/AndroidManifest.xml:53:9-57:20
87            android:name="com.huawei.hms.support.api.push.PushReceiver"
87-->src/main/AndroidManifest.xml:54:13-72
88            android:directBootAware="true"
88-->[com.huawei.hms:push:4.0.3.300] AndroidManifest.xml:38:13-43
89            android:exported="true"
89-->src/main/AndroidManifest.xml:55:13-36
90            android:permission="boogiepop.memo.permission.PROCESS_PUSH_MSG" >
90-->[com.huawei.hms:push:4.0.3.300] AndroidManifest.xml:39:13-78
91
92            <!-- 其他属性 -->
93            <intent-filter>
93-->[com.huawei.hms:push:4.0.3.300] AndroidManifest.xml:40:13-46:29
94
95                <!-- 必须,用于接收token -->
96                <action android:name="com.huawei.android.push.intent.REGISTRATION" />
96-->[com.huawei.hms:push:4.0.3.300] AndroidManifest.xml:43:17-86
96-->[com.huawei.hms:push:4.0.3.300] AndroidManifest.xml:43:25-83
97                <!-- 必须, 用于接收消息 -->
98                <action android:name="com.huawei.android.push.intent.RECEIVE" />
98-->[com.huawei.hms:push:4.0.3.300] AndroidManifest.xml:45:17-81
98-->[com.huawei.hms:push:4.0.3.300] AndroidManifest.xml:45:25-78
99            </intent-filter>
100        </receiver>
101
102        <activity
102-->src/main/AndroidManifest.xml:58:9-66:20
103            android:name="com.huawei.cloud.drive.view.activity.WebViewActivity"
103-->src/main/AndroidManifest.xml:59:17-84
104            android:configChanges="keyboardHidden|orientation|screenSize|smallestScreenSize|screenLayout"
104-->src/main/AndroidManifest.xml:60:17-110
105            android:exported="false"
105-->src/main/AndroidManifest.xml:61:17-41
106            android:windowSoftInputMode="stateAlwaysHidden" >
106-->src/main/AndroidManifest.xml:62:17-64
107            <meta-data
107-->src/main/AndroidManifest.xml:63:13-65:74
108                android:name="AppTheme"
108-->src/main/AndroidManifest.xml:64:21-44
109                android:value="@style/Theme.AppCompat.NoActionBar" />
109-->src/main/AndroidManifest.xml:65:21-71
110        </activity>
111
112        <meta-data
112-->[com.huawei.hms:drive:5.2.0.300] AndroidManifest.xml:12:9-14:47
113            android:name="com.huawei.hms.client.service.name:drive"
113-->[com.huawei.hms:drive:5.2.0.300] AndroidManifest.xml:13:13-68
114            android:value="drive:5.2.0.300" />
114-->[com.huawei.hms:drive:5.2.0.300] AndroidManifest.xml:14:13-44
115
116        <uses-library
116-->[com.huawei.hms:drive:5.2.0.300] AndroidManifest.xml:16:9-18:40
117            android:name="org.apache.http.legacy"
117-->[com.huawei.hms:drive:5.2.0.300] AndroidManifest.xml:17:13-50
118            android:required="false" />
118-->[com.huawei.hms:drive:5.2.0.300] AndroidManifest.xml:18:13-37
119
120        <activity
120-->[com.huawei.hms:hwid:4.0.1.300] AndroidManifest.xml:10:9-15:20
121            android:name="com.huawei.hms.hwid.internal.ui.activity.HwIdSignInHubActivity"
121-->[com.huawei.hms:hwid:4.0.1.300] AndroidManifest.xml:11:13-90
122            android:excludeFromRecents="true"
122-->[com.huawei.hms:hwid:4.0.1.300] AndroidManifest.xml:12:13-46
123            android:exported="false"
123-->[com.huawei.hms:hwid:4.0.1.300] AndroidManifest.xml:13:13-37
124            android:theme="@android:style/Theme.Translucent.NoTitleBar" >
124-->[com.huawei.hms:hwid:4.0.1.300] AndroidManifest.xml:14:13-72
125        </activity>
126
127        <meta-data
127-->[com.huawei.hms:hwid:4.0.1.300] AndroidManifest.xml:17:9-19:46
128            android:name="com.huawei.hms.client.service.name:hwid"
128-->[com.huawei.hms:hwid:4.0.1.300] AndroidManifest.xml:18:13-67
129            android:value="hwid:4.0.1.300" />
129-->[com.huawei.hms:hwid:4.0.1.300] AndroidManifest.xml:19:13-43
130        <meta-data
130-->[com.huawei.hms:hwid:4.0.1.300] AndroidManifest.xml:20:9-22:33
131            android:name="com.huawei.hms.min_api_level:hwid:hwid"
131-->[com.huawei.hms:hwid:4.0.1.300] AndroidManifest.xml:21:13-66
132            android:value="1" /> <!-- 非华为手机通知栏和透传消息的接收服务定义 -->
132-->[com.huawei.hms:hwid:4.0.1.300] AndroidManifest.xml:22:13-30
133        <service
133-->[com.huawei.hms:push:4.0.3.300] AndroidManifest.xml:50:9-60:19
134            android:name="com.huawei.hms.support.api.push.service.HmsMsgService"
134-->[com.huawei.hms:push:4.0.3.300] AndroidManifest.xml:51:13-81
135            android:directBootAware="true"
135-->[com.huawei.hms:push:4.0.3.300] AndroidManifest.xml:52:13-43
136            android:enabled="true"
136-->[com.huawei.hms:push:4.0.3.300] AndroidManifest.xml:53:13-35
137            android:exported="true"
137-->[com.huawei.hms:push:4.0.3.300] AndroidManifest.xml:54:13-36
138            android:process=":pushservice" >
138-->[com.huawei.hms:push:4.0.3.300] AndroidManifest.xml:55:13-43
139            <intent-filter>
139-->[com.huawei.hms:push:4.0.3.300] AndroidManifest.xml:56:13-59:29
140                <action android:name="com.huawei.push.msg.NOTIFY_MSG" />
140-->[com.huawei.hms:push:4.0.3.300] AndroidManifest.xml:57:17-73
140-->[com.huawei.hms:push:4.0.3.300] AndroidManifest.xml:57:25-70
141                <action android:name="com.huawei.push.msg.PASSBY_MSG" />
141-->[com.huawei.hms:push:4.0.3.300] AndroidManifest.xml:58:17-73
141-->[com.huawei.hms:push:4.0.3.300] AndroidManifest.xml:58:25-70
142            </intent-filter>
143        </service>
144
145        <provider
145-->[com.huawei.hms:push:4.0.3.300] AndroidManifest.xml:62:9-68:89
146            android:name="com.huawei.hms.support.api.push.PushProvider"
146-->[com.huawei.hms:push:4.0.3.300] AndroidManifest.xml:63:13-72
147            android:authorities="boogiepop.memo.huawei.push.provider"
147-->[com.huawei.hms:push:4.0.3.300] AndroidManifest.xml:64:13-72
148            android:exported="true"
148-->[com.huawei.hms:push:4.0.3.300] AndroidManifest.xml:65:13-36
149            android:permission="boogiepop.memo.permission.PUSH_PROVIDER"
149-->[com.huawei.hms:push:4.0.3.300] AndroidManifest.xml:66:13-75
150            android:readPermission="boogiepop.memo.permission.PUSH_PROVIDER"
150-->[com.huawei.hms:push:4.0.3.300] AndroidManifest.xml:67:13-79
151            android:writePermission="boogiepop.memo.permission.PUSH_WRITE_PROVIDER" />
151-->[com.huawei.hms:push:4.0.3.300] AndroidManifest.xml:68:13-86
152
153        <meta-data
153-->[com.huawei.hms:push:4.0.3.300] AndroidManifest.xml:70:9-72:46
154            android:name="com.huawei.hms.client.service.name:push"
154-->[com.huawei.hms:push:4.0.3.300] AndroidManifest.xml:71:13-67
155            android:value="push:4.0.3.300" />
155-->[com.huawei.hms:push:4.0.3.300] AndroidManifest.xml:72:13-43
156        <meta-data
156-->[com.huawei.hms:push:4.0.3.300] AndroidManifest.xml:73:9-75:33
157            android:name="com.huawei.hms.min_api_level:push:push"
157-->[com.huawei.hms:push:4.0.3.300] AndroidManifest.xml:74:13-66
158            android:value="1" /> <!-- 服务meta-data配置 -->
158-->[com.huawei.hms:push:4.0.3.300] AndroidManifest.xml:75:13-30
159        <meta-data
159-->[com.huawei.hms:network-embedded:5.0.4.300] AndroidManifest.xml:17:9-19:73
160            android:name="networkservice_ai"
160-->[com.huawei.hms:network-embedded:5.0.4.300] AndroidManifest.xml:18:13-45
161            android:value="com.huawei.hms.network.ai.AIPolicyService" /> <!-- 服务meta-data配置 -->
161-->[com.huawei.hms:network-embedded:5.0.4.300] AndroidManifest.xml:19:13-70
162        <meta-data
162-->[com.huawei.hms:network-embedded:5.0.4.300] AndroidManifest.xml:21:9-23:77
163            android:name="networkservice_config"
163-->[com.huawei.hms:network-embedded:5.0.4.300] AndroidManifest.xml:22:13-49
164            android:value="com.huawei.hms.network.conf.api.ConfigService" /> <!-- 服务meta-data配置 -->
164-->[com.huawei.hms:network-embedded:5.0.4.300] AndroidManifest.xml:23:13-74
165        <meta-data
165-->[com.huawei.hms:network-embedded:5.0.4.300] AndroidManifest.xml:24:9-26:69
166            android:name="networkservice_dns"
166-->[com.huawei.hms:network-embedded:5.0.4.300] AndroidManifest.xml:25:13-46
167            android:value="com.huawei.hms.network.dns.DNSService" /> <!-- 声明kit sdk服务名和版本号apiLevel -->
167-->[com.huawei.hms:network-embedded:5.0.4.300] AndroidManifest.xml:26:13-66
168        <meta-data
168-->[com.huawei.hms:network-api:5.0.4.300] AndroidManifest.xml:17:9-19:53
169            android:name="com.huawei.hms.client.service.name:network-api"
169-->[com.huawei.hms:network-api:5.0.4.300] AndroidManifest.xml:18:13-74
170            android:value="network-api:5.0.4.300" /> <!-- 声明kit sdk所依赖的最小kit apk的apiLevel，最小为2 -->
170-->[com.huawei.hms:network-api:5.0.4.300] AndroidManifest.xml:19:13-50
171        <meta-data
171-->[com.huawei.hms:network-api:5.0.4.300] AndroidManifest.xml:22:9-24:33
172            android:name="com.huawei.hms.min_api_level:network-api:huawei_module_networkkit"
172-->[com.huawei.hms:network-api:5.0.4.300] AndroidManifest.xml:23:13-93
173            android:value="6" />
173-->[com.huawei.hms:network-api:5.0.4.300] AndroidManifest.xml:24:13-30
174
175        <provider
175-->[com.huawei.hms:opendevice:4.0.1.301] AndroidManifest.xml:10:9-13:40
176            android:name="com.huawei.hms.aaid.InitProvider"
176-->[com.huawei.hms:opendevice:4.0.1.301] AndroidManifest.xml:11:13-60
177            android:authorities="boogiepop.memo.aaidinitprovider"
177-->[com.huawei.hms:opendevice:4.0.1.301] AndroidManifest.xml:12:13-68
178            android:exported="false" />
178-->[com.huawei.hms:opendevice:4.0.1.301] AndroidManifest.xml:13:13-37
179
180        <meta-data
180-->[com.huawei.hms:opendevice:4.0.1.301] AndroidManifest.xml:15:9-17:52
181            android:name="com.huawei.hms.client.service.name:opendevice"
181-->[com.huawei.hms:opendevice:4.0.1.301] AndroidManifest.xml:16:13-73
182            android:value="opendevice:4.0.1.301" />
182-->[com.huawei.hms:opendevice:4.0.1.301] AndroidManifest.xml:17:13-49
183        <meta-data
183-->[com.huawei.hms:opendevice:4.0.1.301] AndroidManifest.xml:18:9-20:33
184            android:name="com.huawei.hms.min_api_level:opendevice:push"
184-->[com.huawei.hms:opendevice:4.0.1.301] AndroidManifest.xml:19:13-72
185            android:value="1" />
185-->[com.huawei.hms:opendevice:4.0.1.301] AndroidManifest.xml:20:13-30
186        <!--
187        为后续统计第三方app集成了哪些Kit，因此需要Kit在自己的AndroidManifest.xml文件中定义业务标签元数据，
188        流水线打包时会替换成HMSVER对应的版本号，不要手动修改
189        -->
190        <meta-data
190-->[com.huawei.hms:base:4.0.2.300] AndroidManifest.xml:26:9-28:46
191            android:name="com.huawei.hms.client.service.name:base"
191-->[com.huawei.hms:base:4.0.2.300] AndroidManifest.xml:27:13-67
192            android:value="base:4.0.2.300" /> <!-- SDK依赖的HMSCore的最低api level元数据 -->
192-->[com.huawei.hms:base:4.0.2.300] AndroidManifest.xml:28:13-43
193        <meta-data
193-->[com.huawei.hms:base:4.0.2.300] AndroidManifest.xml:31:9-33:33
194            android:name="com.huawei.hms.min_api_level:base:hmscore"
194-->[com.huawei.hms:base:4.0.2.300] AndroidManifest.xml:32:13-69
195            android:value="1" />
195-->[com.huawei.hms:base:4.0.2.300] AndroidManifest.xml:33:13-30
196
197        <activity
197-->[com.huawei.hms:base:4.0.2.300] AndroidManifest.xml:35:9-45:20
198            android:name="com.huawei.hms.activity.BridgeActivity"
198-->[com.huawei.hms:base:4.0.2.300] AndroidManifest.xml:36:13-66
199            android:configChanges="orientation|locale|layoutDirection|fontScale|screenSize|smallestScreenSize|screenLayout"
199-->[com.huawei.hms:base:4.0.2.300] AndroidManifest.xml:37:13-124
200            android:excludeFromRecents="true"
200-->[com.huawei.hms:base:4.0.2.300] AndroidManifest.xml:38:13-46
201            android:exported="false"
201-->[com.huawei.hms:base:4.0.2.300] AndroidManifest.xml:39:13-37
202            android:hardwareAccelerated="true"
202-->[com.huawei.hms:base:4.0.2.300] AndroidManifest.xml:40:13-47
203            android:theme="@android:style/Theme.Translucent" >
203-->[com.huawei.hms:base:4.0.2.300] AndroidManifest.xml:41:13-61
204            <meta-data
204-->src/main/AndroidManifest.xml:28:9-30:73
205                android:name="hwc-theme"
205-->src/main/AndroidManifest.xml:29:13-37
206                android:value="androidhwext:style/Theme.Emui.Translucent" />
206-->src/main/AndroidManifest.xml:30:13-70
207        </activity>
208        <activity
208-->[com.huawei.hms:base:4.0.2.300] AndroidManifest.xml:46:9-49:20
209            android:name="com.huawei.hms.activity.EnableServiceActivity"
209-->[com.huawei.hms:base:4.0.2.300] AndroidManifest.xml:47:13-73
210            android:configChanges="orientation|keyboardHidden|screenSize|smallestScreenSize|screenLayout" >
210-->[com.huawei.hms:base:4.0.2.300] AndroidManifest.xml:48:13-106
211        </activity>
212
213        <provider
213-->[com.huawei.hms:base:4.0.2.300] AndroidManifest.xml:51:9-56:20
214            android:name="com.huawei.hms.update.provider.UpdateProvider"
214-->[com.huawei.hms:base:4.0.2.300] AndroidManifest.xml:52:13-73
215            android:authorities="boogiepop.memo.hms.update.provider"
215-->[com.huawei.hms:base:4.0.2.300] AndroidManifest.xml:53:13-71
216            android:exported="false"
216-->[com.huawei.hms:base:4.0.2.300] AndroidManifest.xml:54:13-37
217            android:grantUriPermissions="true" >
217-->[com.huawei.hms:base:4.0.2.300] AndroidManifest.xml:55:13-47
218        </provider>
219        <provider
219-->[com.huawei.agconnect:agconnect-core:1.0.0.300] AndroidManifest.xml:10:9-13:40
220            android:name="com.huawei.agconnect.core.provider.AGConnectInitializeProvider"
220-->[com.huawei.agconnect:agconnect-core:1.0.0.300] AndroidManifest.xml:11:13-90
221            android:authorities="boogiepop.memo.AGCInitializeProvider"
221-->[com.huawei.agconnect:agconnect-core:1.0.0.300] AndroidManifest.xml:12:13-73
222            android:exported="false" />
222-->[com.huawei.agconnect:agconnect-core:1.0.0.300] AndroidManifest.xml:13:13-37
223
224        <service
224-->[com.huawei.agconnect:agconnect-core:1.0.0.300] AndroidManifest.xml:15:9-17:40
225            android:name="com.huawei.agconnect.core.ServiceDiscovery"
225-->[com.huawei.agconnect:agconnect-core:1.0.0.300] AndroidManifest.xml:16:13-70
226            android:exported="false" />
226-->[com.huawei.agconnect:agconnect-core:1.0.0.300] AndroidManifest.xml:17:13-37
227
228        <activity
228-->[com.huawei.hms:update:2.0.6.300] AndroidManifest.xml:21:9-29:20
229            android:name="com.huawei.updatesdk.service.otaupdate.AppUpdateActivity"
229-->[com.huawei.hms:update:2.0.6.300] AndroidManifest.xml:22:13-84
230            android:configChanges="orientation|screenSize"
230-->[com.huawei.hms:update:2.0.6.300] AndroidManifest.xml:23:13-59
231            android:exported="false"
231-->[com.huawei.hms:update:2.0.6.300] AndroidManifest.xml:24:13-37
232            android:theme="@style/upsdkDlDialog" >
232-->[com.huawei.hms:update:2.0.6.300] AndroidManifest.xml:25:13-49
233            <meta-data
233-->src/main/AndroidManifest.xml:28:9-30:73
234                android:name="hwc-theme"
234-->src/main/AndroidManifest.xml:29:13-37
235                android:value="androidhwext:style/Theme.Emui.Translucent.NoTitleBar" />
235-->src/main/AndroidManifest.xml:30:13-70
236        </activity>
237        <activity
237-->[com.huawei.hms:update:2.0.6.300] AndroidManifest.xml:30:9-38:20
238            android:name="com.huawei.updatesdk.support.pm.PackageInstallerActivity"
238-->[com.huawei.hms:update:2.0.6.300] AndroidManifest.xml:31:13-84
239            android:configChanges="orientation|keyboardHidden|screenSize"
239-->[com.huawei.hms:update:2.0.6.300] AndroidManifest.xml:32:13-74
240            android:exported="false"
240-->[com.huawei.hms:update:2.0.6.300] AndroidManifest.xml:33:13-37
241            android:theme="@style/upsdkDlDialog" >
241-->[com.huawei.hms:update:2.0.6.300] AndroidManifest.xml:34:13-49
242            <meta-data
242-->src/main/AndroidManifest.xml:28:9-30:73
243                android:name="hwc-theme"
243-->src/main/AndroidManifest.xml:29:13-37
244                android:value="androidhwext:style/Theme.Emui.Translucent" />
244-->src/main/AndroidManifest.xml:30:13-70
245        </activity>
246
247        <meta-data
247-->[com.huawei.hms:dynamic-api:1.0.17.300] AndroidManifest.xml:17:9-19:54
248            android:name="com.huawei.hms.client.service.name:dynamic-api"
248-->[com.huawei.hms:dynamic-api:1.0.17.300] AndroidManifest.xml:18:13-74
249            android:value="dynamic-api:1.0.17.300" />
249-->[com.huawei.hms:dynamic-api:1.0.17.300] AndroidManifest.xml:19:13-51
250        <meta-data
250-->[com.huawei.hms:dynamic-api:1.0.17.300] AndroidManifest.xml:20:9-22:33
251            android:name="com.huawei.hms.min_api_level:dynamic-api:huawei_module_dynamicloader"
251-->[com.huawei.hms:dynamic-api:1.0.17.300] AndroidManifest.xml:21:13-96
252            android:value="6" />
252-->[com.huawei.hms:dynamic-api:1.0.17.300] AndroidManifest.xml:22:13-30
253    </application>
254
255</manifest>